<?xml version="1.0" encoding="UTF-8"?>
<testng-results skipped="0" failed="0" ignored="0" total="1" passed="1">
  <reporter-output>
  </reporter-output>
  <suite name="Suite" duration-ms="11599" started-at="2020-09-20T15:41:27Z" finished-at="2020-09-20T15:41:39Z">
    <groups>
    </groups>
    <test name="Test" duration-ms="11599" started-at="2020-09-20T15:41:27Z" finished-at="2020-09-20T15:41:39Z">
      <class name="Jenkins.Parameterize.Testing">
        <test-method status="PASS" signature="setUp()[pri:0, instance:Jenkins.Parameterize.Testing@5a61f5df]" name="setUp" is-config="true" duration-ms="10895" started-at="2020-09-20T21:11:27Z" finished-at="2020-09-20T21:11:38Z">
          <reporter-output>
          </reporter-output>
        </test-method> <!-- setUp -->
        <test-method status="PASS" signature="test1()[pri:0, instance:Jenkins.Parameterize.Testing@5a61f5df]" name="test1" duration-ms="29" started-at="2020-09-20T21:11:38Z" finished-at="2020-09-20T21:11:38Z">
          <reporter-output>
          </reporter-output>
        </test-method> <!-- test1 -->
        <test-method status="PASS" signature="tearDown()[pri:0, instance:Jenkins.Parameterize.Testing@5a61f5df]" name="tearDown" is-config="true" duration-ms="652" started-at="2020-09-20T21:11:38Z" finished-at="2020-09-20T21:11:39Z">
          <reporter-output>
          </reporter-output>
        </test-method> <!-- tearDown -->
      </class> <!-- Jenkins.Parameterize.Testing -->
    </test> <!-- Test -->
  </suite> <!-- Suite -->
</testng-results>
